# JRE version: Java(TM) SE Runtime Environment (25.0+37) (build 25+37-LTS-3491)
# Java VM: Java HotSpot(TM) 64-Bit Server VM (25+37-LTS-3491, mixed mode, sharing, tiered, compressed oops, compressed class ptrs, parallel gc, windows-amd64)
GC Precious Log:
 CardTable entry size: 512
 CPUs: 20 total, 20 available
 Memory: 16091M
 Large Page Support: Disabled
 NUMA Support: Disabled
 Compressed Oops: Enabled (32-bit)
 Alignments: Space 512K, Generation 512K, Heap 2M
 Heap Min Capacity: 100M
 Heap Initial Capacity: 100M
 Heap Max Capacity: 2G
 Pre-touch: Disabled
 Parallel Workers: 15
Heap:
 PSYoungGen      total 31232K, used 5417K [0x00000000d5580000, 0x00000000d7880000, 0x0000000100000000)
  eden space 30208K, 14% used [0x00000000d5580000,0x00000000d59eafe0,0x00000000d7300000)
  from space 1024K, 87% used [0x00000000d7300000,0x00000000d73df658,0x00000000d7400000)
  to   space 2048K, 0% used [0x00000000d7680000,0x00000000d7680000,0x00000000d7880000)
 ParOldGen       total 223232K, used 223030K [0x0000000080000000, 0x000000008da00000, 0x00000000d5580000)
  object space 223232K, 99% used [0x0000000080000000,0x000000008d9cdb28,0x000000008da00000)
GC Heap Usage History (20 events):
Event: 7181.802 {heap Before GC invocations=292 (full 4):
 PSYoungGen      total 34304K, used 34272K [0x00000000d5580000, 0x00000000d8000000, 0x0000000100000000)
  eden space 30208K, 100% used [0x00000000d5580000,0x00000000d7300000,0x00000000d7300000)
  from space 4096K, 99% used [0x00000000d7380000,0x00000000d7778020,0x00000000d7780000)
  to   space 6656K, 0% used [0x00000000d7980000,0x00000000d7980000,0x00000000d8000000)
 ParOldGen       total 207872K, used 207765K [0x0000000080000000, 0x000000008cb00000, 0x00000000d558Event: 7181.806 {heap After GC invocations=292 (full 4):
 PSYoungGen      total 32256K, used 2368K [0x00000000d5580000, 0x00000000d7c00000, 0x0000000100000000)
  eden space 29696K, 0% used [0x00000000d5580000,0x00000000d5580000,0x00000000d7280000)
  from space 2560K, 92% used [0x00000000d7980000,0x00000000d7bd0020,0x00000000d7c00000)
  to   space 4096K, 0% used [0x00000000d7400000,0x00000000d7400000,0x00000000d7800000)
 ParOldGen       total 211968K, used 211751K [0x0000000080000000, 0x000000008cf00000, 0x00000000d5580000Event: 7186.507 {heap Before GC invocations=293 (full 4):
 PSYoungGen      total 32256K, used 32064K [0x00000000d5580000, 0x00000000d7c00000, 0x0000000100000000)
  eden space 29696K, 100% used [0x00000000d5580000,0x00000000d7280000,0x00000000d7280000)
  from space 2560K, 92% used [0x00000000d7980000,0x00000000d7bd0020,0x00000000d7c00000)
  to   space 4096K, 0% used [0x00000000d7400000,0x00000000d7400000,0x00000000d7800000)
 ParOldGen       total 211968K, used 211751K [0x0000000080000000, 0x000000008cf00000, 0x00000000d558Event: 7186.509 {heap After GC invocations=293 (full 4):
 PSYoungGen      total 31232K, used 1791K [0x00000000d5580000, 0x00000000d7a00000, 0x0000000100000000)
  eden space 29184K, 0% used [0x00000000d5580000,0x00000000d5580000,0x00000000d7200000)
  from space 2048K, 87% used [0x00000000d7400000,0x00000000d75bffd8,0x00000000d7600000)
  to   space 2560K, 0% used [0x00000000d7780000,0x00000000d7780000,0x00000000d7a00000)
 ParOldGen       total 214016K, used 213618K [0x0000000080000000, 0x000000008d100000, 0x00000000d5580000Event: 7202.697 {heap Before GC invocations=294 (full 4):
 PSYoungGen      total 31232K, used 30974K [0x00000000d5580000, 0x00000000d7a00000, 0x0000000100000000)
  eden space 29184K, 99% used [0x00000000d5580000,0x00000000d71ffc10,0x00000000d7200000)
  from space 2048K, 87% used [0x00000000d7400000,0x00000000d75bffd8,0x00000000d7600000)
  to   space 2560K, 0% used [0x00000000d7780000,0x00000000d7780000,0x00000000d7a00000)
 ParOldGen       total 214016K, used 213618K [0x0000000080000000, 0x000000008d100000, 0x00000000d5580Event: 7202.699 {heap After GC invocations=294 (full 4):
 PSYoungGen      total 34816K, used 1988K [0x00000000d5580000, 0x00000000d7980000, 0x0000000100000000)
  eden space 32768K, 0% used [0x00000000d5580000,0x00000000d5580000,0x00000000d7580000)
  from space 2048K, 97% used [0x00000000d7780000,0x00000000d79710e8,0x00000000d7980000)
  to   space 2048K, 0% used [0x00000000d7580000,0x00000000d7580000,0x00000000d7780000)
 ParOldGen       total 214016K, used 213762K [0x0000000080000000, 0x000000008d100000, 0x00000000d5580000Event: 7232.787 {heap Before GC invocations=295 (full 4):
 PSYoungGen      total 34816K, used 34756K [0x00000000d5580000, 0x00000000d7980000, 0x0000000100000000)
  eden space 32768K, 100% used [0x00000000d5580000,0x00000000d7580000,0x00000000d7580000)
  from space 2048K, 97% used [0x00000000d7780000,0x00000000d79710e8,0x00000000d7980000)
  to   space 2048K, 0% used [0x00000000d7580000,0x00000000d7580000,0x00000000d7780000)
 ParOldGen       total 214016K, used 213762K [0x0000000080000000, 0x000000008d100000, 0x00000000d558Event: 7232.789 {heap After GC invocations=295 (full 4):
 PSYoungGen      total 34304K, used 2016K [0x00000000d5580000, 0x00000000d7f00000, 0x0000000100000000)
  eden space 32256K, 0% used [0x00000000d5580000,0x00000000d5580000,0x00000000d7500000)
  from space 2048K, 98% used [0x00000000d7580000,0x00000000d7778080,0x00000000d7780000)
  to   space 5120K, 0% used [0x00000000d7a00000,0x00000000d7a00000,0x00000000d7f00000)
 ParOldGen       total 216576K, used 216226K [0x0000000080000000, 0x000000008d380000, 0x00000000d5580000Event: 7252.798 {heap Before GC invocations=296 (full 4):
 PSYoungGen      total 34304K, used 34272K [0x00000000d5580000, 0x00000000d7f00000, 0x0000000100000000)
  eden space 32256K, 100% used [0x00000000d5580000,0x00000000d7500000,0x00000000d7500000)
  from space 2048K, 98% used [0x00000000d7580000,0x00000000d7778080,0x00000000d7780000)
  to   space 5120K, 0% used [0x00000000d7a00000,0x00000000d7a00000,0x00000000d7f00000)
 ParOldGen       total 216576K, used 216226K [0x0000000080000000, 0x000000008d380000, 0x00000000d558Event: 7252.801 {heap After GC invocations=296 (full 4):
 PSYoungGen      total 35328K, used 3148K [0x00000000d5580000, 0x00000000d7d80000, 0x0000000100000000)
  eden space 31744K, 0% used [0x00000000d5580000,0x00000000d5580000,0x00000000d7480000)
  from space 3584K, 87% used [0x00000000d7a00000,0x00000000d7d13030,0x00000000d7d80000)
  to   space 4096K, 0% used [0x00000000d7580000,0x00000000d7580000,0x00000000d7980000)
 ParOldGen       total 218624K, used 218131K [0x0000000080000000, 0x000000008d580000, 0x00000000d5580000Event: 7305.736 {heap Before GC invocations=297 (full 4):
 PSYoungGen      total 35328K, used 34892K [0x00000000d5580000, 0x00000000d7d80000, 0x0000000100000000)
  eden space 31744K, 100% used [0x00000000d5580000,0x00000000d7480000,0x00000000d7480000)
  from space 3584K, 87% used [0x00000000d7a00000,0x00000000d7d13030,0x00000000d7d80000)
  to   space 4096K, 0% used [0x00000000d7580000,0x00000000d7580000,0x00000000d7980000)
 ParOldGen       total 218624K, used 218131K [0x0000000080000000, 0x000000008d580000, 0x00000000d558Event: 7305.738 {heap After GC invocations=297 (full 4):
 PSYoungGen      total 32768K, used 1376K [0x00000000d5580000, 0x00000000d7a80000, 0x0000000100000000)
  eden space 31232K, 0% used [0x00000000d5580000,0x00000000d5580000,0x00000000d7400000)
  from space 1536K, 89% used [0x00000000d7580000,0x00000000d76d8060,0x00000000d7700000)
  to   space 2560K, 0% used [0x00000000d7800000,0x00000000d7800000,0x00000000d7a80000)
 ParOldGen       total 218624K, used 218195K [0x0000000080000000, 0x000000008d580000, 0x00000000d5580000Event: 7319.350 {heap Before GC invocations=298 (full 4):
 PSYoungGen      total 32768K, used 32608K [0x00000000d5580000, 0x00000000d7a80000, 0x0000000100000000)
  eden space 31232K, 100% used [0x00000000d5580000,0x00000000d7400000,0x00000000d7400000)
  from space 1536K, 89% used [0x00000000d7580000,0x00000000d76d8060,0x00000000d7700000)
  to   space 2560K, 0% used [0x00000000d7800000,0x00000000d7800000,0x00000000d7a80000)
 ParOldGen       total 218624K, used 218195K [0x0000000080000000, 0x000000008d580000, 0x00000000d558Event: 7319.352 {heap After GC invocations=298 (full 4):
 PSYoungGen      total 35328K, used 544K [0x00000000d5580000, 0x00000000d7900000, 0x0000000100000000)
  eden space 34304K, 0% used [0x00000000d5580000,0x00000000d5580000,0x00000000d7700000)
  from space 1024K, 53% used [0x00000000d7800000,0x00000000d7888020,0x00000000d7900000)
  to   space 1024K, 0% used [0x00000000d7700000,0x00000000d7700000,0x00000000d7800000)
 ParOldGen       total 219136K, used 219063K [0x0000000080000000, 0x000000008d600000, 0x00000000d5580000)Event: 7328.964 {heap Before GC invocations=299 (full 4):
 PSYoungGen      total 35328K, used 34848K [0x00000000d5580000, 0x00000000d7900000, 0x0000000100000000)
  eden space 34304K, 100% used [0x00000000d5580000,0x00000000d7700000,0x00000000d7700000)
  from space 1024K, 53% used [0x00000000d7800000,0x00000000d7888020,0x00000000d7900000)
  to   space 1024K, 0% used [0x00000000d7700000,0x00000000d7700000,0x00000000d7800000)
 ParOldGen       total 219136K, used 219063K [0x0000000080000000, 0x000000008d600000, 0x00000000d558Event: 7328.965 {heap After GC invocations=299 (full 4):
 PSYoungGen      total 34816K, used 624K [0x00000000d5580000, 0x00000000d7880000, 0x0000000100000000)
  eden space 33792K, 0% used [0x00000000d5580000,0x00000000d5580000,0x00000000d7680000)
  from space 1024K, 60% used [0x00000000d7700000,0x00000000d779c030,0x00000000d7800000)
  to   space 512K, 0% used [0x00000000d7800000,0x00000000d7800000,0x00000000d7880000)
 ParOldGen       total 219136K, used 219087K [0x0000000080000000, 0x000000008d600000, 0x00000000d5580000)
Event: 7548.514 {heap Before GC invocations=300 (full 4):
 PSYoungGen      total 34816K, used 34416K [0x00000000d5580000, 0x00000000d7880000, 0x0000000100000000)
  eden space 33792K, 100% used [0x00000000d5580000,0x00000000d7680000,0x00000000d7680000)
  from space 1024K, 60% used [0x00000000d7700000,0x00000000d779c030,0x00000000d7800000)
  to   space 512K, 0% used [0x00000000d7800000,0x00000000d7800000,0x00000000d7880000)
 ParOldGen       total 219136K, used 219087K [0x0000000080000000, 0x000000008d600000, 0x00000000d5580Event: 7548.517 {heap After GC invocations=300 (full 4):
 PSYoungGen      total 30720K, used 502K [0x00000000d5580000, 0x00000000d8000000, 0x0000000100000000)
  eden space 30208K, 0% used [0x00000000d5580000,0x00000000d5580000,0x00000000d7300000)
  from space 512K, 98% used [0x00000000d7800000,0x00000000d787d800,0x00000000d7880000)
  to   space 5120K, 0% used [0x00000000d7300000,0x00000000d7300000,0x00000000d7800000)
 ParOldGen       total 222720K, used 222678K [0x0000000080000000, 0x000000008d980000, 0x00000000d5580000)
Event: 7548.824 {heap Before GC invocations=301 (full 4):
 PSYoungGen      total 30720K, used 30709K [0x00000000d5580000, 0x00000000d8000000, 0x0000000100000000)
  eden space 30208K, 99% used [0x00000000d5580000,0x00000000d72ffdb8,0x00000000d7300000)
  from space 512K, 98% used [0x00000000d7800000,0x00000000d787d800,0x00000000d7880000)
  to   space 5120K, 0% used [0x00000000d7300000,0x00000000d7300000,0x00000000d7800000)
 ParOldGen       total 222720K, used 222678K [0x0000000080000000, 0x000000008d980000, 0x00000000d55800Event: 7548.826 {heap After GC invocations=301 (full 4):
 PSYoungGen      total 31232K, used 893K [0x00000000d5580000, 0x00000000d7880000, 0x0000000100000000)
  eden space 30208K, 0% used [0x00000000d5580000,0x00000000d5580000,0x00000000d7300000)
  from space 1024K, 87% used [0x00000000d7300000,0x00000000d73df658,0x00000000d7400000)
  to   space 2048K, 0% used [0x00000000d7680000,0x00000000d7680000,0x00000000d7880000)
 ParOldGen       total 223232K, used 223030K [0x0000000080000000, 0x000000008da00000, 0x00000000d5580000)
Metaspace Usage History (20 events):
Event: 7181.802 {metaspace Before GC invocations=292 (full 4):
 Metaspace       used 87159K, committed 88640K, reserved 1179648K
  class space    used 7628K, committed 8320K, reserved 1048576K
}
Event: 7181.806 {metaspace After GC invocations=292 (full 4):
 Metaspace       used 87159K, committed 88640K, reserved 1179648K
  class space    used 7628K, committed 8320K, reserved 1048576K
}
Event: 7186.507 {metaspace Before GC invocations=293 (full 4):
 Metaspace       used 87170K, committed 88640K, reserved 1179648K
  class space    used 7628K, committed 8320K, reserved 1048576K
}
Event: 7186.509 {metaspace After GC invocations=293 (full 4):
 Metaspace       used 87170K, committed 88640K, reserved 1179648K
  class space    used 7628K, committed 8320K, reserved 1048576K
}
Event: 7202.697 {metaspace Before GC invocations=294 (full 4):
 Metaspace       used 87178K, committed 88640K, reserved 1179648K
  class space    used 7628K, committed 8320K, reserved 1048576K
}
Event: 7202.699 {metaspace After GC invocations=294 (full 4):
 Metaspace       used 87178K, committed 88640K, reserved 1179648K
  class space    used 7628K, committed 8320K, reserved 1048576K
}
Event: 7232.787 {metaspace Before GC invocations=295 (full 4):
 Metaspace       used 87195K, committed 88640K, reserved 1179648K
  class space    used 7628K, committed 8320K, reserved 1048576K
}
Event: 7232.789 {metaspace After GC invocations=295 (full 4):
 Metaspace       used 87195K, committed 88640K, reserved 1179648K
  class space    used 7628K, committed 8320K, reserved 1048576K
}
Event: 7252.798 {metaspace Before GC invocations=296 (full 4):
 Metaspace       used 87200K, committed 88640K, reserved 1179648K
  class space    used 7628K, committed 8320K, reserved 1048576K
}
Event: 7252.801 {metaspace After GC invocations=296 (full 4):
 Metaspace       used 87200K, committed 88640K, reserved 1179648K
  class space    used 7628K, committed 8320K, reserved 1048576K
}
Event: 7305.736 {metaspace Before GC invocations=297 (full 4):
 Metaspace       used 87239K, committed 88704K, reserved 1179648K
  class space    used 7632K, committed 8320K, reserved 1048576K
}
Event: 7305.738 {metaspace After GC invocations=297 (full 4):
 Metaspace       used 87239K, committed 88704K, reserved 1179648K
  class space    used 7632K, committed 8320K, reserved 1048576K
}
Event: 7319.350 {metaspace Before GC invocations=298 (full 4):
 Metaspace       used 87252K, committed 88704K, reserved 1179648K
  class space    used 7632K, committed 8320K, reserved 1048576K
}
Event: 7319.352 {metaspace After GC invocations=298 (full 4):
 Metaspace       used 87252K, committed 88704K, reserved 1179648K
  class space    used 7632K, committed 8320K, reserved 1048576K
}
Event: 7328.964 {metaspace Before GC invocations=299 (full 4):
 Metaspace       used 87284K, committed 88768K, reserved 1179648K
  class space    used 7632K, committed 8320K, reserved 1048576K
}
Event: 7328.965 {metaspace After GC invocations=299 (full 4):
 Metaspace       used 87284K, committed 88768K, reserved 1179648K
  class space    used 7632K, committed 8320K, reserved 1048576K
}
Event: 7548.514 {metaspace Before GC invocations=300 (full 4):
 Metaspace       used 87681K, committed 89152K, reserved 1179648K
  class space    used 7677K, committed 8384K, reserved 1048576K
}
Event: 7548.517 {metaspace After GC invocations=300 (full 4):
 Metaspace       used 87681K, committed 89152K, reserved 1179648K
  class space    used 7677K, committed 8384K, reserved 1048576K
}
Event: 7548.824 {metaspace Before GC invocations=301 (full 4):
 Metaspace       used 88566K, committed 90496K, reserved 1179648K
  class space    used 7875K, committed 8768K, reserved 1048576K
}
Event: 7548.826 {metaspace After GC invocations=301 (full 4):
 Metaspace       used 88566K, committed 90496K, reserved 1179648K
  class space    used 7875K, committed 8768K, reserved 1048576K
}

